10:37:59[INFO] Start install
10:37:59[INFO] GccPath: D:\Cpp_Program\MinGW
10:37:59[INFO] projectPath: D:\Cpp_Program
10:37:59[INFO] Found Gcc: False
10:37:59[INFO] Found code: 
10:38:00[INFO] Created Download Link: https://vip.d0.baidupan.com/file/?AGZQbgAxAjMEDVZuAjdVOQY5DjZTQVM4C2JXFgYNByhVYld6D3QFNwM8CjBXZlcJW2gAYQRmADNSYQM2Vz0GMAAwUDUAagJwBDRWcwJrVWIGZQ4zUzVTYgs6V2EGbwcgVSVXcA9vBWMDZQptVzpXeVswADQEdAAwUmYDKlc7BmEAZFAyAGkCYQRmVmMCN1VsBm0OaVM8U2ALaVc3BmwHNlVhV2QPNgU3A2cKOVczVzJbMQA0BGIAY1IzAzdXJQYwAHpQIQAoAiUEN1ZyAj9VMAZhDjhTPFNpCzpXYgZoByBVIVdpDz8FNAMzCmFXMldjWzgANQRoADFSZwM1VzwGPgAuUCkAewIwBD5WdwJrVWUGaQ4yUzxTYgs+V2kGagc/VWFXJg8nBSEDIgphVzJXY1s2ADEEbwA6Um0DPVc5BjcAJlByADQCJgRvVjUCblV6Bm4OP1M/U38LPldkBmoHKFVmVzA=
10:38:18[INFO] Launch File Path: D:\Cpp_Program\.vscode\launch.json
10:38:18[INFO] New File Content:
{
    "version": "0.2.0",
    "configurations": [
        {
            "name": "(gdb) Launch",
            "type": "cppdbg",
            "request": "launch",
            "targetArchitecture": "x86",
            "program": "${fileDirname}/${fileBasenameNoExtension}.exe",
            "miDebuggerPath": "D:/Cpp_Program/MinGW/bin/gdb.exe",
            "args": [],
            "stopAtEntry": false,
            "cwd": "${fileDirname}",
            "externalConsole": true,
            "preLaunchTask": "g++"
        }
    ]
}
10:38:18[INFO] Property File Path: D:\Cpp_Program\.vscode\c_cpp_properties.json
10:38:18[INFO] New File Content:
{
    "configurations": [
        {
            "name": "Win32",
            "includePath": [
                "${workspaceFolder}/**",
                "D:/Cpp_Program/MinGW/include/*"
            ],
            "defines": [
                "_DEBUG",
                "UNICODE",
                "_UNICODE"
            ],
            "compilerPath": "D:/Cpp_Program/MinGW/bin/gcc.exe",
            "cStandard": "c11",
            "cppStandard": "c++17",
            "intelliSenseMode": "gcc-x64"
        }
    ],
    "version": 4
}
